<?xml version="1.0" ?>
<coverage version="7.15.2" timestamp="1785242998019" lines-valid="412" lines-covered="72" line-rate="0.1748" branches-valid="66" branches-covered="3" branch-rate="0.04545" complexity="0">
	<!-- Generated by coverage.py: https://coverage.readthedocs.io/en/7.15.2 -->
	<!-- Based on https://raw.githubusercontent.com/cobertura/web/master/htdocs/xml/coverage-04.dtd -->
	<sources>
		<source>/home/runner/work/api-core.py/api-core.py</source>
		<source>/home/runner/work/api-core.py/api-core.py/tests</source>
	</sources>
	<packages>
		<package name="src.sweetrpg_api_core" line-rate="0.081" branch-rate="0.05556" complexity="0">
			<classes>
				<class name="__init__.py" filename="src/sweetrpg_api_core/__init__.py" complexity="0" line-rate="1" branch-rate="1">
					<methods/>
					<lines>
						<line number="2" hits="1"/>
						<line number="3" hits="1"/>
						<line number="7" hits="1"/>
						<line number="8" hits="1"/>
						<line number="9" hits="1"/>
						<line number="10" hits="1"/>
						<line number="11" hits="1"/>
						<line number="12" hits="1"/>
						<line number="13" hits="1"/>
						<line number="14" hits="1"/>
						<line number="15" hits="1"/>
					</lines>
				</class>
				<class name="constants.py" filename="src/sweetrpg_api_core/constants.py" complexity="0" line-rate="1" branch-rate="1">
					<methods/>
					<lines>
						<line number="2" hits="1"/>
						<line number="3" hits="1"/>
						<line number="7" hits="1"/>
					</lines>
				</class>
				<class name="data.py" filename="src/sweetrpg_api_core/data.py" complexity="0" line-rate="0" branch-rate="0">
					<methods/>
					<lines>
						<line number="2" hits="0"/>
						<line number="3" hits="0"/>
						<line number="6" hits="0"/>
						<line number="7" hits="0"/>
						<line number="8" hits="0"/>
						<line number="9" hits="0"/>
						<line number="10" hits="0"/>
						<line number="11" hits="0"/>
						<line number="12" hits="0"/>
						<line number="13" hits="0"/>
						<line number="14" hits="0"/>
						<line number="15" hits="0"/>
						<line number="16" hits="0"/>
						<line number="17" hits="0"/>
						<line number="18" hits="0"/>
						<line number="19" hits="0"/>
						<line number="20" hits="0"/>
						<line number="23" hits="0"/>
						<line number="28" hits="0"/>
						<line number="33" hits="0"/>
						<line number="35" hits="0" branch="true" condition-coverage="0% (0/2)" missing-branches="36,39"/>
						<line number="36" hits="0"/>
						<line number="37" hits="0"/>
						<line number="39" hits="0"/>
						<line number="41" hits="0"/>
						<line number="42" hits="0" branch="true" condition-coverage="0% (0/2)" missing-branches="43,45"/>
						<line number="43" hits="0"/>
						<line number="45" hits="0" branch="true" condition-coverage="0% (0/2)" missing-branches="exit,46"/>
						<line number="46" hits="0"/>
						<line number="47" hits="0"/>
						<line number="51" hits="0"/>
						<line number="52" hits="0"/>
						<line number="54" hits="0"/>
						<line number="63" hits="0"/>
						<line number="65" hits="0"/>
						<line number="67" hits="0"/>
						<line number="68" hits="0"/>
						<line number="70" hits="0"/>
						<line number="71" hits="0"/>
						<line number="72" hits="0"/>
						<line number="73" hits="0"/>
						<line number="74" hits="0"/>
						<line number="75" hits="0"/>
						<line number="76" hits="0"/>
						<line number="77" hits="0"/>
						<line number="78" hits="0"/>
						<line number="79" hits="0"/>
						<line number="80" hits="0"/>
						<line number="82" hits="0"/>
						<line number="84" hits="0"/>
						<line number="86" hits="0"/>
						<line number="92" hits="0"/>
						<line number="97" hits="0"/>
						<line number="99" hits="0"/>
						<line number="100" hits="0"/>
						<line number="101" hits="0"/>
						<line number="102" hits="0"/>
						<line number="103" hits="0"/>
						<line number="104" hits="0"/>
						<line number="105" hits="0"/>
						<line number="106" hits="0" branch="true" condition-coverage="0% (0/2)" missing-branches="107,111"/>
						<line number="107" hits="0"/>
						<line number="108" hits="0"/>
						<line number="109" hits="0"/>
						<line number="111" hits="0"/>
						<line number="112" hits="0"/>
						<line number="114" hits="0"/>
						<line number="115" hits="0"/>
						<line number="117" hits="0"/>
						<line number="119" hits="0"/>
						<line number="126" hits="0"/>
						<line number="127" hits="0"/>
						<line number="128" hits="0"/>
						<line number="132" hits="0"/>
						<line number="134" hits="0"/>
						<line number="135" hits="0"/>
						<line number="137" hits="0"/>
						<line number="138" hits="0"/>
						<line number="139" hits="0"/>
						<line number="140" hits="0"/>
						<line number="142" hits="0"/>
						<line number="144" hits="0"/>
						<line number="146" hits="0"/>
						<line number="153" hits="0"/>
						<line number="155" hits="0"/>
						<line number="157" hits="0"/>
						<line number="158" hits="0"/>
						<line number="159" hits="0"/>
						<line number="160" hits="0"/>
						<line number="161" hits="0"/>
						<line number="162" hits="0"/>
						<line number="163" hits="0"/>
						<line number="164" hits="0"/>
						<line number="166" hits="0"/>
						<line number="168" hits="0"/>
						<line number="170" hits="0"/>
						<line number="175" hits="0"/>
						<line number="177" hits="0"/>
						<line number="179" hits="0"/>
						<line number="180" hits="0"/>
						<line number="181" hits="0"/>
						<line number="182" hits="0"/>
						<line number="183" hits="0"/>
						<line number="184" hits="0"/>
						<line number="185" hits="0"/>
						<line number="186" hits="0"/>
						<line number="188" hits="0"/>
						<line number="190" hits="0"/>
						<line number="192" hits="0"/>
						<line number="200" hits="0"/>
						<line number="208" hits="0"/>
						<line number="211" hits="0"/>
						<line number="212" hits="0"/>
						<line number="214" hits="0"/>
						<line number="216" hits="0"/>
						<line number="218" hits="0"/>
						<line number="226" hits="0"/>
						<line number="234" hits="0"/>
						<line number="238" hits="0"/>
						<line number="240" hits="0" branch="true" condition-coverage="0% (0/2)" missing-branches="241,243"/>
						<line number="241" hits="0"/>
						<line number="243" hits="0"/>
						<line number="245" hits="0"/>
						<line number="253" hits="0"/>
						<line number="261" hits="0"/>
						<line number="264" hits="0"/>
						<line number="265" hits="0"/>
						<line number="267" hits="0"/>
						<line number="269" hits="0"/>
						<line number="271" hits="0"/>
						<line number="278" hits="0"/>
						<line number="286" hits="0"/>
						<line number="289" hits="0"/>
						<line number="290" hits="0"/>
						<line number="292" hits="0"/>
						<line number="294" hits="0"/>
						<line number="296" hits="0"/>
						<line number="302" hits="0"/>
						<line number="304" hits="0"/>
						<line number="305" hits="0"/>
						<line number="307" hits="0"/>
						<line number="309" hits="0"/>
						<line number="311" hits="0"/>
						<line number="317" hits="0"/>
						<line number="319" hits="0" branch="true" condition-coverage="0% (0/2)" missing-branches="320,322"/>
						<line number="320" hits="0"/>
						<line number="322" hits="0"/>
						<line number="323" hits="0"/>
						<line number="324" hits="0" branch="true" condition-coverage="0% (0/2)" missing-branches="325,327"/>
						<line number="325" hits="0"/>
						<line number="327" hits="0"/>
						<line number="329" hits="0"/>
						<line number="335" hits="0"/>
						<line number="337" hits="0"/>
						<line number="338" hits="0"/>
						<line number="339" hits="0" branch="true" condition-coverage="0% (0/2)" missing-branches="340,381"/>
						<line number="340" hits="0"/>
						<line number="342" hits="0"/>
						<line number="343" hits="0"/>
						<line number="344" hits="0"/>
						<line number="345" hits="0"/>
						<line number="346" hits="0"/>
						<line number="348" hits="0"/>
						<line number="349" hits="0" branch="true" condition-coverage="0% (0/2)" missing-branches="350,352"/>
						<line number="350" hits="0"/>
						<line number="352" hits="0"/>
						<line number="353" hits="0"/>
						<line number="355" hits="0" branch="true" condition-coverage="0% (0/2)" missing-branches="356,358"/>
						<line number="356" hits="0"/>
						<line number="357" hits="0"/>
						<line number="358" hits="0" branch="true" condition-coverage="0% (0/2)" missing-branches="359,374"/>
						<line number="359" hits="0"/>
						<line number="360" hits="0" branch="true" condition-coverage="0% (0/2)" missing-branches="361,364"/>
						<line number="361" hits="0"/>
						<line number="362" hits="0"/>
						<line number="364" hits="0"/>
						<line number="365" hits="0"/>
						<line number="367" hits="0"/>
						<line number="368" hits="0" branch="true" condition-coverage="0% (0/2)" missing-branches="369,374"/>
						<line number="369" hits="0"/>
						<line number="370" hits="0"/>
						<line number="371" hits="0"/>
						<line number="372" hits="0"/>
						<line number="374" hits="0" branch="true" condition-coverage="0% (0/2)" missing-branches="375,378"/>
						<line number="375" hits="0"/>
						<line number="376" hits="0"/>
						<line number="378" hits="0"/>
						<line number="379" hits="0"/>
						<line number="381" hits="0"/>
						<line number="382" hits="0"/>
						<line number="384" hits="0"/>
						<line number="392" hits="0"/>
						<line number="394" hits="0" branch="true" condition-coverage="0% (0/2)" missing-branches="395,433"/>
						<line number="395" hits="0"/>
						<line number="396" hits="0" branch="true" condition-coverage="0% (0/2)" missing-branches="397,398"/>
						<line number="397" hits="0"/>
						<line number="398" hits="0"/>
						<line number="399" hits="0"/>
						<line number="400" hits="0" branch="true" condition-coverage="0% (0/2)" missing-branches="401,402"/>
						<line number="401" hits="0"/>
						<line number="402" hits="0" branch="true" condition-coverage="0% (0/2)" missing-branches="403,411"/>
						<line number="403" hits="0"/>
						<line number="405" hits="0"/>
						<line number="407" hits="0"/>
						<line number="409" hits="0"/>
						<line number="411" hits="0" branch="true" condition-coverage="0% (0/2)" missing-branches="394,412"/>
						<line number="412" hits="0"/>
						<line number="414" hits="0"/>
						<line number="415" hits="0" branch="true" condition-coverage="0% (0/2)" missing-branches="416,426"/>
						<line number="416" hits="0"/>
						<line number="417" hits="0" branch="true" condition-coverage="0% (0/2)" missing-branches="418,421"/>
						<line number="418" hits="0"/>
						<line number="419" hits="0"/>
						<line number="421" hits="0"/>
						<line number="426" hits="0"/>
						<line number="428" hits="0" branch="true" condition-coverage="0% (0/2)" missing-branches="429,431"/>
						<line number="429" hits="0"/>
						<line number="431" hits="0"/>
						<line number="433" hits="0"/>
						<line number="435" hits="0"/>
						<line number="440" hits="0"/>
						<line number="442" hits="0" branch="true" condition-coverage="0% (0/2)" missing-branches="443,444"/>
						<line number="443" hits="0"/>
						<line number="444" hits="0" branch="true" condition-coverage="0% (0/2)" missing-branches="445,446"/>
						<line number="445" hits="0"/>
						<line number="446" hits="0"/>
						<line number="447" hits="0"/>
						<line number="448" hits="0"/>
						<line number="450" hits="0"/>
						<line number="456" hits="0"/>
						<line number="458" hits="0"/>
						<line number="462" hits="0"/>
						<line number="464" hits="0"/>
						<line number="469" hits="0"/>
						<line number="471" hits="0"/>
						<line number="472" hits="0"/>
						<line number="473" hits="0"/>
						<line number="474" hits="0"/>
						<line number="476" hits="0"/>
						<line number="477" hits="0"/>
						<line number="478" hits="0"/>
						<line number="479" hits="0"/>
						<line number="480" hits="0"/>
						<line number="481" hits="0"/>
						<line number="483" hits="0"/>
						<line number="485" hits="0"/>
						<line number="490" hits="0"/>
						<line number="492" hits="0"/>
						<line number="498" hits="0"/>
						<line number="500" hits="0"/>
						<line number="501" hits="0"/>
						<line number="502" hits="0"/>
						<line number="503" hits="0"/>
						<line number="505" hits="0"/>
						<line number="506" hits="0" branch="true" condition-coverage="0% (0/2)" missing-branches="507,518"/>
						<line number="507" hits="0"/>
						<line number="508" hits="0"/>
						<line number="509" hits="0"/>
						<line number="510" hits="0"/>
						<line number="511" hits="0"/>
						<line number="512" hits="0"/>
						<line number="513" hits="0"/>
						<line number="516" hits="0"/>
						<line number="518" hits="0"/>
						<line number="520" hits="0"/>
						<line number="526" hits="0"/>
						<line number="528" hits="0"/>
						<line number="534" hits="0"/>
						<line number="536" hits="0"/>
						<line number="541" hits="0"/>
						<line number="543" hits="0"/>
						<line number="548" hits="0"/>
						<line number="550" hits="0"/>
						<line number="558" hits="0"/>
						<line number="560" hits="0"/>
						<line number="570" hits="0"/>
						<line number="580" hits="0"/>
						<line number="588" hits="0"/>
						<line number="596" hits="0"/>
						<line number="606" hits="0"/>
						<line number="615" hits="0"/>
						<line number="623" hits="0"/>
						<line number="631" hits="0"/>
						<line number="641" hits="0"/>
						<line number="651" hits="0"/>
						<line number="658" hits="0"/>
						<line number="666" hits="0"/>
						<line number="675" hits="0"/>
					</lines>
				</class>
				<class name="errors.py" filename="src/sweetrpg_api_core/errors.py" complexity="0" line-rate="0" branch-rate="1">
					<methods/>
					<lines>
						<line number="2" hits="0"/>
						<line number="3" hits="0"/>
						<line number="6" hits="0"/>
						<line number="9" hits="0"/>
						<line number="22" hits="0"/>
						<line number="28" hits="0"/>
					</lines>
				</class>
				<class name="utils.py" filename="src/sweetrpg_api_core/utils.py" complexity="0" line-rate="0.9231" branch-rate="0.75">
					<methods/>
					<lines>
						<line number="2" hits="1"/>
						<line number="3" hits="1"/>
						<line number="7" hits="1"/>
						<line number="8" hits="1"/>
						<line number="9" hits="1"/>
						<line number="10" hits="1"/>
						<line number="13" hits="1"/>
						<line number="17" hits="1"/>
						<line number="18" hits="1" branch="true" condition-coverage="100% (2/2)"/>
						<line number="19" hits="1"/>
						<line number="20" hits="1" branch="true" condition-coverage="50% (1/2)" missing-branches="22"/>
						<line number="21" hits="1"/>
						<line number="22" hits="0"/>
					</lines>
				</class>
			</classes>
		</package>
		<package name="src.sweetrpg_api_core.blueprints" line-rate="1" branch-rate="1" complexity="0">
			<classes>
				<class name="__init__.py" filename="src/sweetrpg_api_core/blueprints/__init__.py" complexity="0" line-rate="1" branch-rate="1">
					<methods/>
					<lines>
						<line number="2" hits="1"/>
						<line number="3" hits="1"/>
					</lines>
				</class>
			</classes>
		</package>
		<package name="src.sweetrpg_api_core.blueprints.health" line-rate="0.375" branch-rate="0" complexity="0">
			<classes>
				<class name="__init__.py" filename="src/sweetrpg_api_core/blueprints/health/__init__.py" complexity="0" line-rate="0.375" branch-rate="0">
					<methods/>
					<lines>
						<line number="2" hits="1"/>
						<line number="3" hits="1"/>
						<line number="7" hits="1"/>
						<line number="8" hits="1"/>
						<line number="9" hits="1"/>
						<line number="10" hits="1"/>
						<line number="11" hits="1"/>
						<line number="12" hits="1"/>
						<line number="15" hits="1"/>
						<line number="17" hits="1"/>
						<line number="20" hits="1"/>
						<line number="27" hits="0" branch="true" condition-coverage="0% (0/2)" missing-branches="28,30"/>
						<line number="28" hits="0"/>
						<line number="30" hits="0"/>
						<line number="33" hits="1"/>
						<line number="34" hits="1"/>
						<line number="35" hits="0"/>
						<line number="36" hits="0"/>
						<line number="37" hits="0" branch="true" condition-coverage="0% (0/2)" missing-branches="38,42"/>
						<line number="38" hits="0"/>
						<line number="39" hits="0"/>
						<line number="40" hits="0"/>
						<line number="42" hits="0" branch="true" condition-coverage="0% (0/2)" missing-branches="43,49"/>
						<line number="43" hits="0"/>
						<line number="44" hits="0"/>
						<line number="45" hits="0"/>
						<line number="46" hits="0"/>
						<line number="47" hits="0"/>
						<line number="49" hits="0"/>
						<line number="50" hits="0" branch="true" condition-coverage="0% (0/2)" missing-branches="51,57"/>
						<line number="51" hits="0" branch="true" condition-coverage="0% (0/2)" missing-branches="52,55"/>
						<line number="52" hits="0" branch="true" condition-coverage="0% (0/2)" missing-branches="51,53"/>
						<line number="53" hits="0"/>
						<line number="54" hits="0"/>
						<line number="55" hits="0"/>
						<line number="57" hits="0"/>
						<line number="59" hits="0"/>
						<line number="62" hits="1"/>
						<line number="63" hits="1"/>
						<line number="64" hits="0"/>
					</lines>
				</class>
			</classes>
		</package>
		<package name="src.sweetrpg_api_core.schema" line-rate="0" branch-rate="1" complexity="0">
			<classes>
				<class name="__init__.py" filename="src/sweetrpg_api_core/schema/__init__.py" complexity="0" line-rate="1" branch-rate="1">
					<methods/>
					<lines/>
				</class>
				<class name="base.py" filename="src/sweetrpg_api_core/schema/base.py" complexity="0" line-rate="0" branch-rate="1">
					<methods/>
					<lines>
						<line number="2" hits="0"/>
						<line number="3" hits="0"/>
						<line number="6" hits="0"/>
						<line number="7" hits="0"/>
						<line number="8" hits="0"/>
						<line number="9" hits="0"/>
						<line number="12" hits="0"/>
						<line number="15" hits="0"/>
						<line number="16" hits="0"/>
						<line number="17" hits="0"/>
						<line number="18" hits="0"/>
						<line number="19" hits="0"/>
						<line number="20" hits="0"/>
						<line number="21" hits="0"/>
						<line number="22" hits="0"/>
						<line number="23" hits="0"/>
						<line number="25" hits="0"/>
						<line number="26" hits="0"/>
						<line number="27" hits="0"/>
						<line number="28" hits="0"/>
					</lines>
				</class>
			</classes>
		</package>
		<package name="tests" line-rate="1" branch-rate="1" complexity="0">
			<classes>
				<class name="test_api_data.py" filename="tests/test_api_data.py" complexity="0" line-rate="1" branch-rate="1">
					<methods/>
					<lines>
						<line number="2" hits="1"/>
						<line number="3" hits="1"/>
					</lines>
				</class>
				<class name="test_health_blueprint.py" filename="tests/test_health_blueprint.py" complexity="0" line-rate="1" branch-rate="1">
					<methods/>
					<lines>
						<line number="2" hits="1"/>
						<line number="3" hits="1"/>
						<line number="6" hits="1"/>
						<line number="9" hits="1"/>
						<line number="10" hits="1"/>
						<line number="13" hits="1"/>
						<line number="14" hits="1"/>
					</lines>
				</class>
				<class name="test_safe_encoder.py" filename="tests/test_safe_encoder.py" complexity="0" line-rate="1" branch-rate="1">
					<methods/>
					<lines>
						<line number="2" hits="1"/>
						<line number="3" hits="1"/>
						<line number="6" hits="1"/>
						<line number="7" hits="1"/>
						<line number="8" hits="1"/>
						<line number="11" hits="1"/>
						<line number="12" hits="1"/>
						<line number="19" hits="1"/>
						<line number="20" hits="1"/>
						<line number="22" hits="1"/>
						<line number="23" hits="1"/>
						<line number="24" hits="1"/>
						<line number="25" hits="1"/>
						<line number="28" hits="1"/>
						<line number="29" hits="1"/>
						<line number="34" hits="1"/>
						<line number="35" hits="1"/>
						<line number="37" hits="1"/>
						<line number="38" hits="1"/>
						<line number="39" hits="1"/>
					</lines>
				</class>
			</classes>
		</package>
	</packages>
</coverage>
